  0.000000000000000E+000   18.9822762547094     
  9.000000357627869E-002   18.9758938247910     
  0.180000007152557        18.9685364840661     
  0.270000010728836        18.9602059717027     
  0.360000014305115        18.9509040032579     
  0.450000017881393        18.9406322734229     
  0.540000021457672        18.9293924588372     
  0.630000025033951        18.9171862209875     
  0.720000028610229        18.9040152091943     
  0.810000032186508        18.8898810636813     
  0.900000035762787        18.8747854187415     
  0.990000039339066        18.8587299060007     
   1.08000004291534        18.8417161577945     
   1.17000004649162        18.8237458106372     
   1.26000005006790        18.8048205088190     
   1.35000005364418        18.7849419081234     
   1.44000005722046        18.7641116796599     
   1.53000006079674        18.7423315138454     
   1.62000006437302        18.7196031245066     
   1.71000006794930        18.6959282531422     
   1.80000007152557        18.6713086733300     
   1.89000007510185        18.6457461952952     
   1.98000007867813        18.6192426706370     
   2.07000008225441        18.5917999972391     
   2.16000008583069        18.5634201243556     
   2.25000008940697        18.5341050578823     
   2.34000009298325        18.5038568658281     
   2.43000009655952        18.4726776839938     
   2.52000010013580        18.4405697218481     
   2.61000010371208        18.4075352686423     
   2.70000010728836        18.3735766997506     
   2.79000011086464        18.3386964832354     
   2.88000011444092        18.3028971866776     
   2.97000011801720        18.2661814842536     
   3.06000012159348        18.2285521640767     
   3.15000012516975        18.1900121358184     
   3.24000012874603        18.1505644386176     
   3.33000013232231        18.1102122492657     
   3.42000013589859        18.0689588907191     
   3.51000013947487        18.0268078409049     
   3.60000014305115        17.9837627418630     
   3.69000014662743        17.9398274092100     
   3.78000015020370        17.8950058419419     
   3.87000015377998        17.8493022326010     
   3.96000015735626        17.8027209777879     
   4.05000016093254        17.7552666890407     
   4.14000016450882        17.7069442040977     
   4.23000016808510        17.6577585985341     
   4.32000017166138        17.6077151977908     
   4.41000017523766        17.5568195896009     
   4.50000017881393        17.5050776368137     
   4.59000018239021        17.4524954906169     
   4.68000018596649        17.3990796041894     
   4.77000018954277        17.3448367467467     
   4.86000019311905        17.2897740179912     
   4.95000019669533        17.2338988629989     
   5.04000020027161        17.1772190874950     
   5.13000020384789        17.1197428735405     
   5.22000020742416        17.0614787956184     
   5.31000021100044        17.0024358371041     
   5.40000021457672        16.9426234071202     
   5.49000021815300        16.8820513577481     
   5.58000022172928        16.8207300015951     
   5.67000022530556        16.7586701296724     
   5.76000022888184        16.6958830296019     
   5.85000023245811        16.6323805040550     
   5.94000023603439        16.5681748894721     
   6.03000023961067        16.5032790749502     
   6.12000024318695        16.4377065213101     
   6.21000024676323        16.3714712802713     
   6.30000025033951        16.3045880136735     
   6.39000025391579        16.2370720126959     
   6.48000025749207        16.1689392170176     
   6.57000026106834        16.1002062338056     
   6.66000026464462        16.0308903565017     
   6.75000026822090        15.9610095832764     
   6.84000027179718        15.8905826350501     
   6.93000027537346        15.8196289730408     
   7.02000027894974        15.7481688156037     
   7.11000028252602        15.6762231543710     
   7.20000028610229        15.6038137694434     
   7.29000028967857        15.5309632435634     
   7.38000029325485        15.4576949751035     
   7.47000029683113        15.3840331896613     
   7.56000030040741        15.3100029501321     
   7.65000030398369        15.2356301650888     
   7.74000030755997        15.1609415952249     
   7.83000031113625        15.0859648576875     
   7.92000031471252        15.0107284281244     
   8.01000031828880        14.9352616401348     
   8.10000032186508        14.8595946820335     
   8.19000032544136        14.7837585905662     
   8.28000032901764        14.7077852414444     
   8.37000033259392        14.6317073364022     
   8.46000033617020        14.5555583865626     
   8.55000033974648        14.4793726918837     
   8.64000034332275        14.4031853164759     
   8.73000034689903        14.3270320594614     
   8.82000035047531        14.2509494213388     
   8.91000035405159        14.1749745654538     
   9.00000035762787        14.0991452745752     
   9.09000036120415        14.0234999022311     
   9.18000036478043        13.9480773188192     
   9.27000036835670        13.8729168522490     
   9.36000037193298        13.7980582231285     
   9.45000037550926        13.7235414743546     
   9.54000037908554        13.6494068951428     
   9.63000038266182        13.5756949395451     
   9.72000038623810        13.5024461394708     
   9.81000038981438        13.4297010123966     
   9.90000039339066        13.3574999638666     
   9.99000039696693        13.2858831851421     
   10.0800004005432        13.2148905461830     
   10.1700004041195        13.1445614843273     
   10.2600004076958        13.0749348891662     
   10.3500004112720        13.0060489840186     
   10.4400004148483        12.9379412045126     
   10.5300004184246        12.8706480750020     
   10.6200004220009        12.8042050833185     
   10.7100004255772        12.7386465546817     
   10.8000004291534        12.6740055254255     
   10.8900004327297        12.6103136174154     
   10.9800004363060        12.5476009139320     
   11.0700004398823        12.4858958379060     
   11.1600004434586        12.4252250333631     
   11.2500004470348        12.3656132509499     
   11.3400004506111        12.3070832384559     
   11.4300004541874        12.2496556371432     
   11.5200004577637        12.1933488847905     
   11.6100004613400        12.1381791261513     
   11.7000004649162        12.0841601317235     
   11.7900004684925        12.0313032254302     
   11.8800004720688        11.9796172218110     
   11.9700004756451        11.9291083734439     
   12.0600004792213        11.8797803288118     
   12.1500004827976        11.8316341012734     
   12.2400004863739        11.7846680491439     
   12.3300004899502        11.7388778672330     
   12.4200004935265        11.6942565898581     
   12.5100004971027        11.6507946052416     
   12.6000005006790        11.6084796811868     
   12.6900005042553        11.5672970017914     
   12.7800005078316        11.5272292147815     
   12.8700005114079        11.4882564890652     
   12.9600005149841        11.4503565819760     
   13.0500005185604        11.4135049155388     
   13.1400005221367        11.3776746610741     
   13.2300005257130        11.3428368314885     
   13.3200005292892        11.3089603802904     
   13.4100005328655        11.2760123066424     
   13.5000005364418        11.2439577654942     
   13.5900005400181        11.2127601819607     
   13.6800005435944        11.1823813690393     
   13.7700005471706        11.1527816477809     
   13.8600005507469        11.1239199691284     
   13.9500005543232        11.0957540364123     
   14.0400005578995        11.0682404279060     
   14.1300005614758        11.0413347185355     
   14.2200005650520        11.0149916000355     
   14.3100005686283        10.9891649989369     
   14.4000005722046        10.9638081918034     
   14.4900005757809        10.9388739169532     
   14.5800005793571        10.9143144824872     
   14.6700005829334        10.8900818699436     
   14.7600005865097        10.8661278333103     
   14.8500005900860        10.8424039930161     
   14.9400005936623        10.8188619247843     
   15.0300005972385        10.7954532429991     
   15.1200006008148        10.7721296784883     
   15.2100006043911        10.7488431507133     
   15.3000006079674        10.7255458342085     
   15.3900006115437        10.7021902192810     
   15.4800006151199        10.6787291671678     
   15.5700006186962        10.6551159594125     
   15.6600006222725        10.6313043419186     
   15.7500006258488        10.6072485635395     
   15.8400006294250        10.5829034095045     
   15.9300006330013        10.5582242298141     
   16.0200006365776        10.5331669627359     
   16.1100006401539        10.5076881537912     
   16.2000006437302        10.4817449701295     
   16.2900006473064        10.4552952108852     
   16.3800006508827        10.4282973134019     
   16.4700006544590        10.4007103557933     
   16.5600006580353        10.3724940558876     
   16.6500006616116        10.3436087669044     
   16.7400006651878        10.3140154700165     
   16.8300006687641        10.2836757640340     
   16.9200006723404        10.2525518523412     
   17.0100006759167        10.2206065273760     
   17.1000006794930        10.1878031528475     
   17.1900006830692        10.1541056437760     
   17.2800006866455        10.1194784444843     
   17.3700006902218        10.0838865049655     
   17.4600006937981        10.0472952554082     
   17.5500006973743        10.0096705793285     
   17.6400007009506        9.97097878516783     
   17.7300007045269        9.93118657675906     
   17.8200007081032        9.89026102240367     
   17.9100007116795        9.84816952304978     
   18.0000007152557        9.80487977930114     
   18.0900007188320        9.76035975753479     
   18.1800007224083        9.71457765517266     
   18.2700007259846        9.66750186509825     
   18.3600007295609        9.61910093922467     
   18.4500007331371        9.56934355134173     
   18.5400007367134        9.51819845936651     
   18.6300007402897        9.46563446659306     
   18.7200007438660        9.41162038253316     
   18.8100007474422        9.35612498292713     
   18.9000007510185        9.29911696896163     
   18.9900007545948        9.24056492597971     
   19.0800007581711        9.18043728125110     
   19.1700007617474        9.11870226113674     
   19.2600007653236        9.05532784733621     
   19.3500007688999        8.99028173242928     
   19.4400007724762        8.92353127444266     
   19.5300007760525        8.85504345059296     
   19.6200007796288        8.78478480996584     
   19.7100007832050        8.71272142525192     
   19.8000007867813        8.63881884342477     
   19.8900007903576        8.56304203515129     
   19.9800007939339        8.48535534314375     
   20.0700007975101        8.40572242911286     
   20.1600008010864        8.32410621951240     
   20.2500008046627        8.24046884964900     
   20.3400008082390        8.15477160663538     
   20.4300008118153        8.06697487048619     
   20.5200008153915        7.97703805368697     
   20.6100008189678        7.88491953922834     
   20.7000008225441        7.79057661669753     
   20.7900008261204        7.69396541671176     
   20.8800008296967        7.59504084350348     
   20.9700008332729        7.49375650566315     
   21.0600008368492        7.39006464499549     
   21.1500008404255        7.28391606366225     
   21.2400008440018        7.17526004941805     
   21.3300008475780        7.06404429923973     
   21.4200008511543        6.95021484131405     
   21.5100008547306        6.83371595582356     
   21.6000008583069        6.71449009434364     
   21.6900008618832        6.59247779853844     
   21.7800008654594        6.46761761866484     
   21.8700008690357        6.33984603189353     
   21.9600008726120        6.20909736168116     
   22.0500008761883        6.07530369894062     
   22.1400008797646        5.93839482575928     
   22.2300008833408        5.79829814340071     
   22.3200008869171        5.65493860596243     
   22.4100008904934        5.50823866183935     
   22.5000008940697        5.35811820534181     
   22.5900008976460        5.20449454147066     
   22.6800009012222        5.04728236763989     
   22.7700009047985        4.88639377660730     
   22.8600009083748        4.72173828603682     
   22.9500009119511        4.55322290148685     
   23.0400009155273        4.38075222035392     
   23.1300009191036        4.20422858700725     
   23.2200009226799        4.02355231007352     
   23.3100009262562        3.83862195693097     
   23.4000009298325        3.64933474187011     
   23.4900009334087        3.45558702915855     
   23.5800009369850        3.25727497612797     
   23.6700009405613        3.05429534669185     
   23.7600009441376        2.84654653239853     
   23.8500009477139        2.63392982552762     
   23.9400009512901        2.41635099749586     
   24.0300009548664        2.19372224821125     
   24.1200009584427        1.96596460351092     
   24.2100009620190        1.73301085362334     
   24.3000009655952        1.49480914449199     
   24.3900009691715        1.25132735286943     
   24.4800009727478        1.00255840095067     
   24.5700009763241       0.748526691239307     
   24.6600009799004       0.489295871030026     
   24.7500009834766       0.224978161936749     
   24.8400009870529      -4.425448252860593E-002
   24.9300009906292      -0.318157112145327     
   25.0200009942055      -0.596396123247131     
   25.1100009977818      -0.878530946379290     
   25.2000010013580       -1.16399287389579     
   25.2900010049343       -1.45206094572108     
   25.3800010085106       -1.74183501974995     
   25.4700010120869       -2.03220648835152     
   25.5600010156631       -2.32182759898481     
   25.6500010192394       -2.60908103367213     
   25.7400010228157       -2.89205232233662     
   25.8300010263920       -3.16850879354940     
   25.9200010299683       -3.43589001634708     
   26.0100010335445       -3.69131587111941     
   26.1000010371208       -3.93161914966307     
   26.1900010406971       -4.15340944920118     
   26.2800010442734       -4.35317348173817     
   26.3700010478497       -4.52741327606073     
   26.4600010514259       -4.67281795510243     
   26.5500010550022       -4.78645738748795     
   26.6400010585785       -4.86597852976380     
   26.7300010621548       -4.90977993161157     
   26.8200010657310       -4.91713901429878     
   26.9100010693073       -4.88827171866911     
   27.0000010728836       -4.82431445319224     
   27.0900010764599       -4.72723142279505     
   27.1800010800362       -4.59966269549592     
   27.2700010836124       -4.44473644577172     
   27.3600010871887       -4.26587104647292     
   27.4500010907650       -4.06658950808385     
   27.5400010943413       -3.85036213295949     
   27.6300010979176       -3.62048557041639     
   27.7200011014938       -3.37999968067746     
   27.8100011050701       -3.13163878394818     
   27.9000011086464       -2.87781119857526     
   27.9900011122227       -2.62060008931353     
   28.0800011157990       -2.36177899739717     
   28.1700011193752       -2.10283643041169     
   28.2600011229515       -1.84500513830237     
   28.3500011265278       -1.58929291300583     
   28.4400011301041       -1.33651278650008     
   28.5300011336803       -1.08731131969875     
   28.6200011372566      -0.842194274518816     
   28.7100011408329      -0.601549380088904     
   28.8000011444092      -0.365666173767698     
   28.8900011479855      -0.134753066074447     
   28.9800011515617       9.104813387271092E-002
   29.0700011551380       0.311649954988231     
   29.1600011587143       0.527008978068345     
   29.2500011622906       0.737117254018905     
   29.3400011658669       0.941995175929438     
   29.4300011694431        1.14168558071263     
   29.5200011730194        1.33624888495727     
   29.6100011765957        1.52575908545283     
   29.7000011801720        1.71030048054702     
   29.7900011837482        1.88996499050254     
   29.8800011873245        2.06484997452348     
   29.9700011909008        2.23505645792628     
   30.0600011944771        2.40068769896505     
   30.1500011980534        2.56184803502898     
   30.2400012016296        2.71864195944408     
   30.3300012052059        2.87117338762548     
   30.4200012087822        3.01954507904664     
   30.5100012123585        3.16385818665052     
   30.6000012159348        3.30421191134025     
   30.6900012195110        3.44070324155815     
   30.7800012230873        3.57342676288833     
   30.8700012266636        3.70247452439943     
   30.9600012302399        3.82793595097128     
   31.0500012338161        3.94989779296508     
   31.1400012373924        4.06844410567234     
   31.2300012409687        4.18365625283416     
   31.3200012445450        4.29561292891543     
   31.4100012481213        4.40439019651712     
   31.5000012516975        4.51006153518451     
   31.5900012552738        4.61269789912992     
   31.6800012588501        4.71236778144761     
   31.7700012624264        4.80913728318644     
   31.8600012660027        4.90307018556635     
   31.9500012695789        4.99422802430357     
   32.0400012731552        5.08267016500409     
   32.1300012767315        5.16845387881646     
   32.2200012803078        5.25163441776037     
   32.3100012838840        5.33226508921995     
   32.4000012874603        5.41039732920266     
   32.4900012910366        5.48608077401801     
   32.5800012946129        5.55936333040951     
   32.6700012981892        5.63029124346377     
   32.7600013017654        5.69890916283174     
   32.8500013053417        5.76526020666069     
   32.9400013089180        5.82938602337054     
   33.0300013124943        5.89132685145618     
   33.1200013160706        5.95112157688603     
   33.2100013196468        6.00880778862598     
   33.3000013232231        6.06442183192034     
   33.3900013267994        6.11799885958367     
   33.4800013303757        6.16957288126448     
   33.5700013339520        6.21917681093337     
   33.6600013375282        6.26684251224321     
   33.7500013411045        6.31260084233337     
   33.8400013446808        6.35648169380704     
   33.9300013482571        6.39851403507454     
   34.0200013518333        6.43872594899621     
   34.1100013554096        6.47714467029767     
   34.2000013589859        6.51379662120963     
   34.2900013625622        6.54870744592220     
   34.3800013661385        6.58190204371458     
   34.4700013697147        6.61340460072797     
   34.5600013732910        6.64323862070965     
   34.6500013768673        6.67142695452711     
   34.7400013804436        6.69799182862441     
   34.8300013840199        6.72295487260599     
   34.9200013875961        6.74633714562258     
   35.0100013911724        6.76815916216664     
   35.1000013947487        6.78844091673107     
   35.1900013983250        6.80720190795111     
   35.2800014019012        6.82446116175528     
   35.3700014054775        6.84023725401204     
   35.4600014090538        6.85454833241016     
   35.5500014126301        6.86741213779733     
   35.6400014162064        6.87884602489125     
   35.7300014197826        6.88886698253789     
   35.8200014233589        6.89749165340170     
   35.9100014269352        6.90473635327962     
   36.0000014305115        6.91061708997742     
   36.0900014340878        6.91514958176470     
   36.1800014376640        6.91834927555349     
   36.2700014412403        6.92023136472759     
   36.3600014448166        6.92081080668998     
   36.4500014483929        6.92010234020557     
   36.5400014519691        6.91812050243708     
   36.6300014555454        6.91487964589434     
   36.7200014591217        6.91039395512706     
   36.8100014626980        6.90467746336398     
   36.9000014662743        6.89774406899583     
   36.9900014698505        6.88960755195366     
   37.0800014734268        6.88028159010837     
   37.1700014770031        6.86977977554139     
   37.2600014805794        6.85811563088067     
   37.3500014841557        6.84530262558567     
   37.4400014877319        6.83135419235365     
   37.5300014913082        6.81628374343773     
   37.6200014948845        6.80010468719024     
   37.7100014984608        6.78283044459472     
   37.8000015020370        6.76447446596358     
   37.8900015056133        6.74505024773648     
   37.9800015091896        6.72457134943564     
   38.0700015127659        6.70305141079900     
   38.1600015163422        6.68050416903703     
   38.2500015199184        6.65694347636063     
   38.3400015234947        6.63238331763506     
   38.4300015270710        6.60683782824876     
   38.5200015306473        6.58032131231187     
   38.6100015342236        6.55284826092861     
   38.7000015377998        6.52443337077367     
   38.7900015413761        6.49509156299653     
   38.8800015449524        6.46483800219288     
   38.9700015485287        6.43368811575240     
   39.0600015521049        6.40165761337533     
   39.1500015556812        6.36876250689523     
   39.2400015592575        6.33501913022138     
   39.3300015628338        6.30044415959148     
   39.4200015664101        6.26505463395867     
   39.5100015699863        6.22886797561347     
   39.6000015735626        6.19190201089577     
   39.6900015771389        6.15417499111592     
   39.7800015807152        6.11570561354007     
   39.8700015842915        6.07651304240318     
   39.9600015878677        6.03661693000266     
   40.0500015914440        5.99603743778885     
   40.1400015950203        5.95479525727940     
   40.2300015985966        5.91291163094632     
   40.3200016021729        5.87040837281186     
   40.4100016057491        5.82730788890459     
   40.5000016093254        5.78363319717471     
   40.5900016129017        5.73940794720511     
   40.6800016164780        5.69465643908317     
   40.7700016200542        5.64940364197640     
   40.8600016236305        5.60367521172182     
   40.9500016272068        5.55749750759450     
   41.0400016307831        5.51089760811630     
   41.1300016343594        5.46390332571601     
   41.2200016379356        5.41654322006969     
   41.3100016415119        5.36884661001619     
   41.4000016450882        5.32084358385652     
   41.4900016486645        5.27256500787222     
   41.5800016522408        5.22404253287738     
   41.6700016558170        5.17530859860506     
   41.7600016593933        5.12639643572614     
   41.8500016629696        5.07734006535574     
   41.9400016665459        5.02817429568902     
   42.0300016701221        4.97893471577452     
   42.1200016736984        4.92965768601843     
   42.2100016772747        4.88038032524774     
   42.3000016808510        4.83114049420215     
   42.3900016844273        4.78197677513703     
   42.4800016880035        4.73292844737900     
   42.5700016915798        4.68403545863791     
   42.6600016951561        4.63533839177758     
   42.7500016987324        4.58687842715895     
   42.8400017023087        4.53869729992247     
   42.9300017058849        4.49083725255786     
   43.0200017094612        4.44334098232618     
   43.1100017130375        4.39625158353894     
   43.2000017166138        4.34961248463650     
   43.2900017201900        4.30346738005543     
   43.3800017237663        4.25786015682712     
   43.4700017273426        4.21283481602472     
   43.5600017309189        4.16843538914974     
   43.6500017344952        4.12470584954517     
   43.7400017380714        4.08169001908442     
   43.8300017416477        4.03943147037921     
   43.9200017452240        3.99797342474796     
   44.0100017488003        3.95735864641821     
   44.1000017523766        3.91762933324086     
   44.1900017559528        3.87882700444241     
   44.2800017595291        3.84099238604973     
   44.3700017631054        3.80416529432360     
   44.4600017666817        3.76838451807317     
   44.5500017702579        3.73368770039588     
   44.6400017738342        3.70011122053231     
   44.7300017774105        3.66769007674102     
   44.8200017809868        3.63645777077791     
   44.9100017845631        3.60644619495091     
   45.0000017881393        3.57768552244951     
   45.0900017917156        3.55020410184341     
   45.1800017952919        3.52402835650689     
   45.2700017988682        3.49918268984731     
   45.3600018024445        3.47568939699462     
   45.4500018060207        3.45356858377400     
   45.5400018095970        3.43283809368164     
   45.6300018131733        3.41351344335237     
   45.7200018167496        3.39560776724765     
   45.8100018203259        3.37913177198159     
   45.9000018239021        3.36409370066232     
   45.9900018274784        3.35049930767286     
   46.0800018310547        3.33835184407861     
   46.1700018346310        3.32765205371691     
   46.2600018382072        3.31839818017102     
   46.3500018417835        3.31058598442833     
   46.4400018453598        3.30420877316953     
   46.5300018489361        3.29925743728144     
   46.6200018525124        3.29572050053658     
   46.7100018560886        3.29358417762230     
   46.8000018596649        3.29283244136725     
   46.8900018632412        3.29344709835418     
   46.9800018668175        3.29540787240069     
   47.0700018703938        3.29869249507761     
   47.1600018739700        3.30327680273229     
   47.2500018775463        3.30913483895250     
   47.3400018811226        3.31623896197062     
   47.4300018846989        3.32455995595726     
   47.5200018882751        3.33406714548176     
   47.6100018918514        3.34472851239425     
   47.7000018954277        3.35651081413942     
   47.7900018990040        3.36937970296406     
   47.8800019025803        3.38329984505284     
   47.9700019061565        3.39823503906668     
   48.0600019097328        3.41414833326626     
   48.1500019133091        3.43100214073565     
   48.2400019168854        3.44875835203696     
   48.3300019204617        3.46737844484371     
   48.4200019240379        3.48682359005873     
   48.5100019276142        3.50705475404578     
   48.6000019311905        3.52803279661750     
   48.6900019347668        3.54971856448837     
   48.7800019383430        3.57207297993567     
   48.8700019419193        3.59505712454751     
   48.9600019454956        3.61863231786664     
   49.0500019490719        3.64276019084358     
   49.1400019526482        3.66740275413661     
   49.2300019562244        3.69252246114329     
   49.3200019598007        3.71808226588091     
   49.4100019633770        3.74404567578227     
   49.5000019669533        3.77037679942936     
   49.5900019705296        3.79704038946983     
   49.6800019741058        3.82400188075653     
   49.7700019776821        3.85122742394345     
   49.8600019812584        3.87868391466410     
   49.9500019848347        3.90633901857512     
   50.0400019884109        3.93416119235730     
   50.1300019919872        3.96211970099571     
   50.2200019955635        3.99018463144176     
   50.3100019991398        4.01832690300988     
   50.4000020027161        4.04651827457216     
   50.4900020062923        4.07473134893504     
   50.5800020098686        4.10293957445162     
   50.6700020134449        4.13111724422378     
   50.7600020170212        4.15923949295469     
   50.8500020205975        4.18728229180014     
   50.9400020241737        4.21522244129277     
   51.0300020277500        4.24303756256020     
   51.1200020313263        4.27070608704275     
   51.2100020349026        4.29820724482978     
   51.3000020384789        4.32552105179833     
   51.3900020420551        4.35262829568588     
   51.4800020456314        4.37951052128195     
   51.5700020492077        4.40615001476327     
   51.6600020527840        4.43252978744733     
   51.7500020563602        4.45863355892945     
   51.8400020599365        4.48444573980701     
   51.9300020635128        4.50995141403171     
   52.0200020670891        4.53513632102946     
   52.1100020706654        4.55998683758842     
   52.2000020742416        4.58448995969183     
   52.2900020778179        4.60863328428190     
   52.3800020813942        4.63240499104276     
   52.4700020849705        4.65579382427555     
   52.5600020885468        4.67878907487321     
   52.6500020921230        4.70138056248527     
   52.7400020956993        4.72355861788095     
   52.8300020992756        4.74531406554876     
   52.9200021028519        4.76663820655165     
   53.0100021064281        4.78752280172568     
   53.1000021100044        4.80796005513238     
   53.1900021135807        4.82794259790257     
   53.2800021171570        4.84746347239561     
   53.3700021207333        4.86651611674235     
   53.4600021243095        4.88509434975414     
   53.5500021278858        4.90319235621527     
   53.6400021314621        4.92080467257139     
   53.7300021350384        4.93792617299831     
   53.8200021386147        4.95455205587123     
   53.9100021421909        4.97067783062727     
   54.0000021457672        4.98629930502474     
   54.0900021493435        5.00141257279165     
   54.1800021529198        5.01601400164964     
   54.2700021564960        5.03010022175199     
   54.3600021600723        5.04366811446484     
   54.4500021636486        5.05671480155521     
   54.5400021672249        5.06923763471671     
   54.6300021708012        5.08123418547153     
   54.7200021743774        5.09270223543116     
   54.8100021779537        5.10363976687565     
   54.9000021815300        5.11404495370934     
   54.9900021851063        5.12391615270191     
   55.0800021886826        5.13325189508114     
   55.1700021922588        5.14205087842166     
   55.2600021958351        5.15031195885130     
   55.3500021994114        5.15803414353752     
   55.4400022029877        5.16521658345487     
   55.5300022065639        5.17185856645413     
   55.6200022101402        5.17795951058244     
   55.7100022137165        5.18351895765037     
   55.8000022172928        5.18853656708695     
   55.8900022208691        5.19301211000625     
   55.9800022244453        5.19694546351358     
   56.0700022280216        5.20033660525259     
   56.1600022315979        5.20318560816567     
   56.2500022351742        5.20549263544854     
   56.3400022387505        5.20725793573614     
   56.4300022423267        5.20848183846271     
   56.5200022459030        5.20916474942814     
   56.6100022494793        5.20930714652307     
   56.7000022530556        5.20890957566107     
   56.7900022566319        5.20797264684969     
   56.8800022602081        5.20649703043574     
   56.9700022637844        5.20448345352215     
   57.0600022673607        5.20193269649702     
   57.1500022709370        5.19884558974608     
   57.2400022745132        5.19522301047690     
   57.3300022780895        5.19106587969517     
   57.4200022816658        5.18637515928923     
   57.5100022852421        5.18115184925125     
   57.6000022888184        5.17539698501569     
   57.6900022923946        5.16911163489922     
   57.7800022959709        5.16229689766210     
   57.8700022995472        5.15495390016477     
   57.9600023031235        5.14708379512584     
   58.0500023066998        5.13868775897680     
   58.1400023102760        5.12976698981632     
   58.2300023138523        5.12032270542202     
   58.3200023174286        5.11035614139453     
   58.4100023210049        5.09986854933401     
   58.5000023245811        5.08886119512520     
   58.5900023281574        5.07733535728217     
   58.6800023317337        5.06529232537134     
   58.7700023353100        5.05273339848997     
   58.8600023388863        5.03965988382706     
   58.9500023424625        5.02607309527107     
   59.0400023460388        5.01197435207915     
   59.1300023496151        4.99736497761410     
   59.2200023531914        4.98224629812193     
   59.3100023567677        4.96661964156803     
   59.4000023603439        4.95048633652286     
   59.4900023639202        4.93384771109122     
   59.5800023674965        4.91670509189253     
   59.6700023710728        4.89905980307671     
   59.7600023746490        4.88091316539236     
   59.8500023782253        4.86226649527825     
   59.9400023818016        4.84312110401093     
   60.0300023853779        4.82347829687613     
   60.1200023889542        4.80333937237375     
   60.2100023925304        4.78270562146881     
   60.3000023961067        4.76157832684897     
   60.3900023996830        4.73995876224535     
   60.4800024032593        4.71784819174881     
   60.5700024068356        4.69524786917693     
   60.6600024104118        4.67215903745082     
   60.7500024139881        4.64858292800835     
   60.8400024175644        4.62452076023489     
   60.9300024211407        4.59997374091479     
   61.0200024247169        4.57494306371007     
   61.1100024282932        4.54942990865064     
   61.2000024318695        4.52343544165345     
   61.2900024354458        4.49696081405041     
   61.3800024390221        4.47000716214139     
   61.4700024425983        4.44257560675912     
   61.5600024461746        4.41466725284703     
   61.6500024497509        4.38628318905958     
   61.7400024533272        4.35742448736986     
   61.8300024569035        4.32809220269532     
   61.9200024604797        4.29828737252816     
   62.0100024640560        4.26801101658658     
   62.1000024676323        4.23726413646901     
   62.1900024712086        4.20604771532785     
   62.2800024747849        4.17436271754365     
   62.3700024783611        4.14221008841115     
   62.4600024819374        4.10959075384113     
   62.5500024855137        4.07650562005806     
   62.6400024890900        4.04295557331349     
   62.7300024926662        4.00894147961010     
   62.8200024962425        3.97446418441471     
   62.9100024998188        3.93952451240346     
   63.0000025033951        3.90412326718705     
   63.0900025069714        3.86826123105918     
   63.1800025105476        3.83193916473853     
   63.2700025141239        3.79515780712471     
   63.3600025177002        3.75791787504485     
   63.4500025212765        3.72022006302179     
   63.5400025248528        3.68206504302793     
   63.6300025284290        3.64345346425155     
   63.7200025320053        3.60438595286133     
   63.8100025355816        3.56486311177895     
   63.9000025391579        3.52488552044663     
   63.9900025427341        3.48445373459802     
   64.0800025463104        3.44356828603170     
   64.1700025498867        3.40222968238652     
   64.2600025534630        3.36043840691386     
   64.3500025570393        3.31819491825001     
   64.4400025606155        3.27549965019717     
   64.5300025641918        3.23235301148918     
   64.6200025677681        3.18875538557090     
   64.7100025713444        3.14470713036602     
   64.8000025749207        3.10020857805589     
   64.8900025784969        3.05526003484047     
   64.9800025820732        3.00986178071229     
   65.0700025856495        2.96401406922285     
   65.1600025892258        2.91771712724634     
   65.2500025928020        2.87097115474159     
   65.3400025963783        2.82377632451321     
   65.4300025999546        2.77613278196613     
   65.5200026035309        2.72804064486383     
   65.6100026071072        2.67950000307454     
   65.7000026106834        2.63051091832340     
   65.7900026142597        2.58107342393071     
   65.8800026178360        2.53118752455709     
   65.9700026214123        2.48085319593665     
   66.0600026249886        2.43007038461102     
   66.1500026285648        2.37883900765282     
   66.2400026321411        2.32715895239186     
   66.3300026357174        2.27503007613150     
   66.4200026392937        2.22245220585934     
   66.5100026428699        2.16942513795821     
   66.6000026464462        2.11594863790416     
   66.6900026500225        2.06202243996402     
   66.7800026535988        2.00764624688632     
   66.8700026571751        1.95281972958473     
   66.9600026607513        1.89754252681276     
   67.0500026643276        1.84181424483805     
   67.1400026679039        1.78563445710575     
   67.2300026714802        1.72900270389347     
   67.3200026750565        1.67191849196413     
   67.4100026786327        1.61438129420479     
   67.5000026822090        1.55639054926625     
   67.5900026857853        1.49794566118162     
   67.6800026893616        1.43904599899378     
   67.7700026929379        1.37969089635886     
   67.8600026965141        1.31987965114961     
   67.9500027000904        1.25961152505006     
   68.0400027036667        1.19888574313378     
   68.1300027072430        1.13770149344350     
   68.2200027108192        1.07605792655057     
   68.3100027143955        1.01395415511146     
   68.4000027179718       0.951389253411130     
   68.4900027215481       0.888362256895890     
   68.5800027251244       0.824872161697676     
   68.6700027287006       0.760917924144031     
   68.7600027322769       0.696498460260924     
   68.8500027358532       0.631612645255848     
   68.9400027394295       0.566259313000180     
   69.0300027430058       0.500437255490518     
   69.1200027465820       0.434145222300512     
   69.2100027501583       0.367381920018653     
   69.3000027537346       0.300146011676597     
   69.3900027573109       0.232436116158586     
   69.4800027608871       0.164250807595559     
   69.5700027644634       9.558861475502277E-002
   69.6600027680397       2.644802040639210E-002
   69.7500027716160      -4.317253932901003E-002
   69.8400027751923      -0.113274675634862     
   69.9300027787685      -0.183860047684703     
   70.0200027823448      -0.254930363330507     
   70.1100027859211      -0.326487379819915     
   70.2000027894974      -0.398532904523130     
   70.2900027930737      -0.471068795678016     
   70.3800027966499      -0.544096963160186     
   70.4700028002262      -0.617619369265484     
   70.5600028038025      -0.691638029511802     
   70.6500028073788      -0.766155013462336     
   70.7400028109550      -0.841172445574323     
   70.8300028145313      -0.916692506059510     
   70.9200028181076      -0.992717431771830     
   71.0100028216839       -1.06924951711527     
   71.1000028252602       -1.14629111497593     
   71.1900028288364       -1.22384463767820     
   71.2800028324127       -1.30191255796319     
   71.3700028359890       -1.38049740998907     
   71.4600028395653       -1.45960179036625     
   71.5500028431416       -1.53922835920863     
   71.6400028467178       -1.61937984121704     
   71.7300028502941       -1.70005902678991     
   71.8200028538704       -1.78126877316223     
   71.9100028574467       -1.86301200557215     
   72.0000028610229       -1.94529171846231     
   72.0900028645992       -2.02811097670884     
   72.1800028681755       -2.11147291687944     
   72.2700028717518       -2.19538074853536     
   72.3600028753281       -2.27983775555088     
   72.4500028789043       -2.36484729748878     
   72.5400028824806       -2.45041281098905     
   72.6300028860569       -2.53653781121385     
   72.7200028896332       -2.62322589332385     
   72.8100028932095       -2.71048073398738     
   72.9000028967857       -2.79830609294097     
   72.9900029003620       -2.88670581458857     
   73.0800029039383       -2.97568382964279     
   73.1700029075146       -3.06524415680738     
   73.2600029110909       -3.15539090451741     
   73.3500029146671       -3.24612827271352     
   73.4400029182434       -3.33746055467429     
   73.5300029218197       -3.42939213889869     
   73.6200029253960       -3.52192751103262     
   73.7100029289722       -3.61507125586517     
   73.8000029325485       -3.70882805936593     
   73.8900029361248       -3.80320271078638     
   73.9800029397011       -3.89820010482369     
   74.0700029432774       -3.99382524384103     
   74.1600029468536       -4.09008324015440     
   74.2500029504299       -4.18697931838382     
   74.3400029540062       -4.28451881787965     
   74.4300029575825       -4.38270719520653     
   74.5200029611588       -4.48155002671253     
   74.6100029647350       -4.58105301116680     
   74.7000029683113       -4.68122197247755     
   74.7900029718876       -4.78206286249701     
   74.8800029754639       -4.88358176389391     
   74.9700029790401       -4.98578489313330     
   75.0600029826164       -5.08867860352875     
   75.1500029861927       -5.19226938840136     
   75.2400029897690       -5.29656388432440     
   75.3300029933453       -5.40156887447482     
   75.4200029969215       -5.50729129208763     
   75.5100030004978       -5.61373822401492     
   75.6000030040741       -5.72091691439624     
   75.6900030076504       -5.82883476845549     
   75.7800030112267       -5.93749935639651     
   75.8700030148029       -6.04691841744557     
   75.9600030183792       -6.15709986401125     
   76.0500030219555       -6.26805178597990     
   76.1400030255318       -6.37978245515392     
   76.2300030291080       -6.49230032983059     
   76.3200030326843       -6.60561405953828     
   76.4100030362606       -6.71973248992392     
   76.5000030398369       -6.83466466780187     
   76.5900030434132       -6.95041984638052     
   76.6800030469894       -7.06700749065418     
   76.7700030505657       -7.18443728299068     
   76.8600030541420       -7.30271912889745     
   76.9500030577183       -7.42186316299629     
   77.0400030612946       -7.54187975520086     
   77.1300030648708       -7.66277951710447     
   77.2200030684471       -7.78457330860878     
   77.3100030720234       -7.90727224476767     
   77.4000030755997       -8.03088770288629     
   77.4900030791759       -8.15543132987332     
   77.5800030827522       -8.28091504985931     
   77.6700030863285       -8.40735107208441     
   77.7600030899048       -8.53475189909377     
   77.8500030934811       -8.66313033521154     
   77.9400030970573       -8.79249949535338     
   78.0300031006336       -8.92287281414759     
   78.1200031042099       -9.05426405542138     
   78.2100031077862       -9.18668732203526     
   78.3000031113625       -9.32015706609109     
   78.3900031149387       -9.45468809954993     
   78.4800031185150       -9.59029560524827     
   78.5700031220913       -9.72699514835522     
   78.6600031256676       -9.86480268827732     
   78.7500031292439       -10.0037345910432     
   78.8400031328201       -10.1438076421780     
   78.9300031363964       -10.2850390601107     
   79.0200031399727       -10.4274465101126     
   79.1100031435490       -10.5710481188304     
   79.2000031471252       -10.7158624893989     
   79.2900031507015       -10.8619087172090     
   79.3800031542778       -11.0092064063177     
   79.4700031578541       -11.1577756865831     
   79.5600031614304       -11.3076372315085     
   79.6500031650066       -11.4588122768786     
   79.7400031685829       -11.6113226401966     
   79.8300031721592       -11.7651907409858     
   79.9200031757355       -11.9204396219919     
   80.0100031793118       -12.0770929713289     
   80.1000031828880       -12.2351751456383     
   80.1900031864643       -12.3947111942974     
   80.2800031900406       -12.5557268847507     
   80.3700031936169       -12.7182487290050     
   80.4600031971931       -12.8823040113834     
   80.5500032007694       -13.0479208175928     
   80.6400032043457       -13.2151280651705     
   80.7300032079220       -13.3839555354169     
   80.8200032114983       -13.5544339068731     
   80.9100032150745       -13.7265947904496     
   81.0000032186508       -13.9004707663158     
   81.0900032222271       -14.0760954226233     
   81.1800032258034       -14.2535033962073     
   81.2700032293797       -14.4327304153726     
   81.3600032329559       -14.6138133448944     
   81.4500032365322       -14.7967902333766     
   81.5400032401085       -14.9817003631170     
   81.6300032436848       -15.1685843026301     
   81.7200032472610       -15.3574839620294     
   81.8100032508373       -15.5484426514042     
   81.9000032544136       -15.7415051424562     
   81.9900032579899       -15.9367177335502     
   82.0800032615662       -16.1341283184614     
   82.1700032651424       -16.3337864590364     
   82.2600032687187       -16.5357434620575     
   82.3500032722950       -16.7400524606104     
   82.4400032758713       -16.9467685002541     
   82.5300032794476       -17.1559486303596     
   82.6200032830238       -17.3676520009780     
   82.7100032866001       -17.5819399656542     
   82.8000032901764       -17.7988761906309     
   82.8900032937527       -18.0185267709104     
   82.9800032973289       -18.2409603537204     
   83.0700033009052       -18.4662482699304     
   83.1600033044815       -18.6944646740834     
   83.2500033080578       -18.9256866936624     
   83.3400033116341       -19.1599945884247     
   83.4300033152103       -19.3974719205219     
   83.5200033187866       -19.6382057364009     
   83.6100033223629       -19.8822867613860     
   83.7000033259392       -20.1298096080997     
   83.7900033295155       -20.3808729998416     
   83.8800033330917       -20.6355800103037     
   83.9700033366680       -20.8940383210201     
   84.0600033402443       -21.1563604981957     
   84.1500033438206       -21.4226642906537     
   84.2400033473969       -21.6930729508878     
   84.3300033509731       -21.9677155813955     
   84.4200033545494       -22.2467275087214     
   84.5100033581257       -22.5302506879124     
   84.6000033617020       -22.8184341403992     
   84.6900033652782       -23.1114344286960     
   84.7800033688545       -23.4094161716465     
   84.8700033724308       -23.7125526045127     
   84.9600033760071       -24.0210261886119     
   85.0500033795834       -24.3350292758973     
   85.1400033831596       -24.6547648345084     
   85.2300033867359       -24.9804472421537     
   85.3200033903122       -25.3123031550501     
   85.4100033938885       -25.6505724612521     
   85.5000033974648       -25.9955093283792     
   85.5900034010410       -26.3473833572004     
   85.6800034046173       -26.7064808541613     
   85.7700034081936       -27.0731062378978     
   85.8600034117699       -27.4475835970088     
   85.9500034153461       -27.8302584190613     
   86.0400034189224       -28.2214995139086     
   86.1300034224987       -28.6217011581298     
   86.2200034260750       -29.0312854918263     
   86.3100034296513       -29.4507052042682     
   86.4000034332275       -29.8804465511919     
   86.4900034368038       -30.3210327541542     
   86.5800034403801       -30.7730278414940     
   86.6700034439564       -31.2370410016026     
   86.7600034475327       -31.7137315327289     
   86.8500034511089       -32.2038144902134     
   86.9400034546852       -32.7080671524683     
   87.0300034582615       -33.2273364524490     
   87.1200034618378       -33.7625475529090     
   87.2100034654140       -34.3147137834661     
   87.3000034689903       -34.8849482074972     
   87.3900034725666       -35.4744771505708     
   87.4800034761429       -36.0846561036325     
   87.5700034797192       -36.7169885194534     
   87.6600034832954       -37.3731481578796     
   87.7500034868717       -38.0550058156091     
   87.8400034904480       -38.7646615151565     
   87.9300034940243       -39.5044835481943     
   88.0200034976006       -40.2771562029321     
   88.1100035011768       -41.0857386017435     
   88.2000035047531       -41.9337379047588     
   88.2900035083294       -42.8252013056615     
   88.3800035119057       -43.7648329235088     
   88.4700035154819       -44.7581441403709     
   88.5600035190582       -45.8116495692419     
   88.6500035226345       -46.9331263519717     
   88.7400035262108       -48.1319630539142     
   88.8300035297871       -49.4196380820708     
   88.9200035333633       -50.8103899887763     
   89.0100035369396       -52.3221801329262     
   89.1000035405159       -53.9781154648767     
   89.1900035440922       -55.8086235087071     
   89.2800035476685       -57.8549137834865     
   89.3700035512447       -60.1747627601483     
   89.4600035548210       -62.8527884832959     
   89.5500035583973       -66.0201779255679     
   89.6400035619736       -69.8967084028064     
   89.7300035655499       -74.8943896557257     
   89.8200035691261       -81.9382081304053     
   89.9100035727024       -93.9797849568846     
   90.0000035762787       -270.011552152780     
   90.0900035798550       -93.9784043702760     
   90.1800035834312       -81.9375178345684     
   90.2700035870075       -74.8939294556921     
   90.3600035905838       -69.8963632498320     
   90.4500035941601       -66.0199018001571     
   90.5400035977364       -62.8525583757026     
   90.6300036013126       -60.1745655219487     
   90.7200036048889       -57.8547411969173     
   90.8100036084652       -55.8084700952598     
   90.9000036120415       -53.9779773895990     
   90.9900036156178       -52.3220546067625     
   91.0800036191940       -50.8102749199353     
   91.1700036227703       -49.4195318614880     
   91.2600036263466       -48.1318644173237     
   91.3500036299229       -46.9330342879642     
   91.4400036334991       -45.8115632560476     
   91.5300036370754       -44.7580629012412     
   91.6200036406517       -43.7647561944880     
   91.7100036442280       -42.8251286118408     
   91.8000036478043       -41.9336688424696     
   91.8900036513805       -41.0856728249859     
   91.9800036549568       -40.2770934128884     
   92.0700036585331       -39.5044234850258     
   92.1600036621094       -38.7646039515061     
   92.2500036656857       -38.0549505514034     
   92.3400036692619       -37.3730950161371     
   92.4300036728382       -36.7169373428540     
   92.5200036764145       -36.0846067517166     
   92.6100036799908       -35.4744294974090     
   92.7000036835670       -34.8849021397584     
   92.7900036871433       -34.3146691987841     
   92.8800036907196       -33.7625043585201     
   92.9700036942959       -33.2272945640251     
   93.0600036978722       -32.7080264931203     
   93.1500037014484       -32.2037749896483     
   93.2400037050247       -31.7136931265102     
   93.3300037086010       -31.2370036305244     
   93.4200037121773       -30.7729914510232     
   93.5100037157536       -30.3209972939560     
   93.6000037193298       -29.8804119747078     
   93.6900037229061       -29.4506714683496     
   93.7800037264824       -29.0312525564078     
   93.8700037300587       -28.6216689859432     
   93.9600037336349       -28.2214680702305     
   94.0500037372112       -27.8302276714823     
   94.1400037407875       -27.4475535152368     
   94.2300037443638       -27.0730767935769     
   94.3200037479401       -26.7064520207085     
   94.4100037515163       -26.3473551096627     
   94.5000037550926       -25.9954816433031     
   94.5900037586689       -25.6505453165656     
   94.6800037622452       -25.3122765299564     
   94.7700037658215       -24.9804211170353     
   94.8600037693977       -24.6547391908401     
   94.9500037729740       -24.3350040961657     
   95.0400037765503       -24.0210014562449     
   95.1300037801266       -23.7125283038132     
   95.2200037837029       -23.4093922877272     
   95.3100037872791       -23.1114109474329     
   95.4000037908554       -22.8184110483751     
   95.4900037944317       -22.5302279723684     
   95.5800037980080       -22.2467051575253     
   95.6700038015842       -21.9676935829901     
   95.7600038051605       -21.6930512942603     
   95.8500038087368       -21.4226429653012     
   95.9400038123131       -21.1563394940951     
   96.0300038158894       -20.8940176285995     
   96.1200038194656       -20.6355596204155     
   96.2100038230419       -20.3808529037398     
   96.3000038266182       -20.1297897974110     
   96.3900038301945       -19.8822672280959     
   96.4800038337708       -19.6381864728278     
   96.5700038373470       -19.3974529193065     
   96.6600038409233       -19.1599758425054     
   96.7500038444996       -18.9256681962619     
   96.8400038480759       -18.6944464186919     
   96.9300038516521       -18.4662302503002     
   97.0200038552284       -18.2409425638382     
   97.1100038588047       -18.0185092050010     
   97.2000038623810       -17.7988588431320     
   97.2900038659573       -17.5819228312122     
   97.3800038695335       -17.3676350744393     
   97.4700038731098       -17.1559319067591     
   97.5600038766861       -16.9467519748025     
   97.6500038802624       -16.7400361286926     
   97.7400038838387       -16.5357273192205     
   97.8300038874149       -16.3337705009827     
   97.9200038909912       -16.1341125410435     
   98.0100038945675       -15.9367021327595     
   98.1000038981438       -15.7414897144209     
   98.1900039017200       -15.5484273923839     
   98.2800039052963       -15.3574688684037     
   98.3700039088726       -15.1685693709032     
   98.4600039124489       -14.9816855899001     
   98.5500039160252       -14.7967756153953     
   98.6400039196014       -14.6137988789753     
   98.7300039231777       -14.4327160984430     
   98.8200039267540       -14.2534892252924     
   98.9100039303303       -14.0760813948384     
   99.0000039339066       -13.9004568788665     
   99.0900039374828       -13.7265810406247     
   99.1800039410591       -13.5544202920430     
   99.2700039446354       -13.3839420530332     
   99.3600039482117       -13.2151147127569     
   99.4500039517879       -13.0479075927466     
   99.5400039553642       -12.8822909117738     
   99.6300039589405       -12.7182357523671     
   99.7200039625168       -12.5557140288854     
   99.8100039660931       -12.3946984570685     
   99.9000039696693       -12.2351625249649     
   99.9900039732456       -12.0770804651941     
   100.080003976822       -11.9204272284339     
   100.170003980398       -11.7651784580953     
   100.260003983974       -11.6113104661166     
   100.350003987551       -11.4588002098022     
   100.440003991127       -11.3076252696790     
   100.530003994703       -11.1577638282894     
   100.620003998280       -11.0091946498947     
   100.710004001856       -10.8618970610357     
   100.800004005432       -10.7158509318994     
   100.890004009008       -10.5710366584639     
   100.980004012585       -10.4274351453816     
   101.070004016161       -10.2850277895559     
   101.160004019737       -10.1437964643781     
   101.250004023314       -10.0037235046111     
   101.340004026890       -9.86479169186280     
   101.430004030466       -9.72698424064105     
   101.520004034042       -9.59028478495048     
   101.610004037619       -9.45467736541656     
   101.700004041195       -9.32014641689915     
   101.790004044771       -9.18667675659372     
   101.880004048347       -9.05425357256821     
   101.970004051924       -8.92286241274659     
   102.060004055500       -8.79248917429803     
   102.150004059076       -8.66312009342141     
   102.240004062653       -8.53474173551245     
   102.330004066229       -8.40734098568478     
   102.420004069805       -8.28090503963391     
   102.510004073381       -8.15542139484208     
   102.600004076958       -8.03087784208996     
   102.690004080534       -7.90726245726903     
   102.780004084110       -7.78456359349286     
   102.870004087687       -7.66276987347779     
   102.960004091263       -7.54187018219010     
   103.050004094839       -7.42185365974877     
   103.140004098415       -7.30270969457898     
   103.230004101992       -7.18442791678708     
   103.320004105568       -7.06699819176899     
   103.410004109144       -6.95041061403487     
   103.500004112720       -6.83465550123672     
   103.590004116297       -6.71972338839452     
   103.680004119873       -6.60560502231698     
   103.770004123449       -6.49229135620731     
   103.860004127026       -6.37977354443225     
   103.950004130602       -6.26804293748264     
   104.040004134178       -6.15709107707228     
   104.130004137754       -6.04690969141429     
   104.220004141331       -5.93749069063787     
   104.310004144907       -5.82882616234697     
   104.400004148483       -5.72090836732950     
   104.490004152060       -5.61372973539486     
   104.580004155636       -5.50728286133249     
   104.670004159212       -5.40156050101532     
   104.760004162788       -5.29655556760273     
   104.850004166365       -5.19226112787325     
   104.940004169941       -5.08867039866072     
   105.030004173517       -4.98577674340362     
   105.120004177094       -4.88357366879318     
   105.210004180670       -4.78205482152512     
   105.300004184246       -4.68121398514545     
   105.390004187822       -4.58104507699561     
   105.480004191399       -4.48154214523651     
   105.570004194975       -4.38269936596667     
   105.660004198551       -4.28451104042834     
   105.750004202127       -4.18697159228291     
   105.840004205704       -4.09007556497270     
   105.930004209280       -3.99381761916136     
   106.020004212856       -3.89819253023367     
   106.110004216433       -3.80319518588616     
   106.200004220009       -3.70882058376044     
   106.290004223585       -3.61506382916939     
   106.380004227161       -3.52192013287024     
   106.470004230738       -3.42938480890334     
   106.560004234314       -3.33745327248308     
   106.650004237890       -3.24612103797554     
   106.740004241467       -3.15538371688658     
   106.830004245043       -3.06523701594754     
   106.920004248619       -2.97567673522151     
   107.010004252195       -2.88669876628602     
   107.100004255772       -2.79829909043897     
   107.190004259348       -2.71047377697748     
   107.280004262924       -2.62321898150418     
   107.370004266500       -2.53653094429003     
   107.460004270077       -2.45040598866948     
   107.550004273653       -2.36484051949288     
   107.640004277229       -2.27983102160308     
   107.730004280806       -2.19537405836334     
   107.820004284382       -2.11146627022124     
   107.910004287958       -2.02810437330502     
   108.000004291534       -1.94528515806174     
   108.090004295111       -1.86300548792760     
   108.180004298687       -1.78126229803312     
   108.270004302263       -1.70005259394167     
   108.360004305840       -1.61937345042017     
   108.450004309416       -1.53922201023815     
   108.540004312992       -1.45959548300225     
   108.630004316568       -1.38049114401942     
   108.720004320145       -1.30190633317665     
   108.810004323721       -1.22383845387271     
   108.900004327297       -1.14628497195138     
   108.990004330873       -1.06924341467837     
   109.080004334450      -0.992711369733848     
   109.170004338026      -0.916686484234838     
   109.260004341602      -0.841166463783287     
   109.350004345179      -0.766149071528465     
   109.440004348755      -0.691632127264438     
   109.530004352331      -0.617613506539077     
   109.620004355907      -0.544091139792019     
   109.710004359484      -0.471063011509604     
   109.800004363060      -0.398527159400028     
   109.890004366636      -0.326481673594536     
   109.980004370213      -0.254924695854561     
   110.070004373789      -0.183854418818399     
   110.160004377365      -0.113269085239716     
   110.250004380941      -4.316698727104677E-002
   110.340004384518       2.645353425669513E-002
   110.430004388094       9.559409052339429E-002
   110.520004391670       0.164256245404653     
   110.610004395247       0.232441516126875     
   110.700004398823       0.300151373921320     
   110.790004402399       0.367387244649612     
   110.880004405975       0.434150509425180     
   110.970004409552       0.500442505214591     
   111.060004413128       0.566264525424047     
   111.150004416704       0.631617820476582     
   111.240004420280       0.696503598374474     
   111.330004423857       0.760923025241179     
   111.420004427433       0.824877225865096     
   111.510004431009       0.888367284218194     
   111.600004434586       0.951394243968844     
   111.690004438162        1.01395910898575     
   111.780004441738        1.07606284381463     
   111.870004445314        1.13770637416972     
   111.960004448891        1.19889058739119     
   112.050004452467        1.25961633290376     
   112.140004456043        1.31988442266327     
   112.230004459620        1.37969563159289     
   112.320004463196        1.43905069800535     
   112.410004466772        1.49795032402573     
   112.500004470348        1.55639517599307     
   112.590004473925        1.61438588486351     
   112.680004477501        1.67192304660104     
   112.770004481077        1.72900722255205     
   112.860004484653        1.78563893982494     
   112.950004488230        1.84181869165740     
   113.040004491806        1.89754693776723     
   113.130004495382        1.95282410470703     
   113.220004498959        2.00765058620611     
   113.310004502535        2.06202674350886     
   113.400004506111        2.11595290569767     
   113.490004509687        2.16942937002433     
   113.580004513264        2.22245640221865     
   113.670004516840        2.27503423679926     
   113.760004520416        2.32716307738502     
   113.850004523993        2.37884309698238     
   113.940004527569        2.43007443828738     
   114.030004531145        2.48085721396783     
   114.120004534721        2.53119150694941     
   114.210004538298        2.58107737068538     
   114.300004541874        2.63051482944333     
   114.390004545450        2.67950387855697     
   114.480004549026        2.72804448470540     
   114.570004552603        2.77613658616051     
   114.660004556179        2.82378009305169     
   114.750004559755        2.87097488761304     
   114.840004563332        2.91772082443956     
   114.930004566908        2.96401773072340     
   115.020004570484        3.00986540650192     
   115.110004574060        3.05526362490044     
   115.200004577637        3.10021213236676     
   115.290004581213        3.14471064890291     
   115.380004584789        3.18875886830769     
   115.470004588366        3.23235645839989     
   115.560004591942        3.27550306125173     
   115.650004595518        3.31819829341674     
   115.740004599094        3.36044174615873     
   115.830004602671        3.40223298567514     
   115.920004606247        3.44357155332650     
   116.010004609823        3.48445696585943     
   116.100004613400        3.52488871563337     
   116.190004616976        3.56486627084831     
   116.280004620552        3.60438907576746     
   116.370004624128        3.64345655094786     
   116.460004627705        3.68206809346478     
   116.550004631281        3.72022307715021     
   116.640004634857        3.75792085281029     
   116.730004638433        3.79516074847322     
   116.820004642010        3.83194206961536     
   116.910004645586        3.86826409940586     
   117.000004649162        3.90412609894461     
   117.090004652739        3.93952730750989     
   117.180004656315        3.97446694280715     
   117.270004659891        4.00894420122260     
   117.360004663467        4.04295825808158     
   117.450004667044        4.07650826791194     
   117.540004670620        4.10959336471345     
   117.630004674196        4.14221266222824     
   117.720004677773        4.17436525423411     
   117.810004681349        4.20605021481675     
   117.900004684925        4.23726659868070     
   117.990004688501        4.26801344144352     
   118.080004692078        4.29828975995133     
   118.170004695654        4.32809455260471     
   118.260004699230        4.35742679968449     
   118.350004702806        4.38628546369447     
   118.440004706383        4.41466948971923     
   118.530004709959        4.44257780578221     
   118.620004713535        4.47000932322942     
   118.710004717112        4.49696293711350     
   118.800004720688        4.52343752660101     
   118.890004724264        4.54943195539351     
   118.980004727840        4.57494507215600     
   119.070004731417        4.59997571096939     
   119.160004734993        4.62452269180477     
   119.250004738569        4.64858482099823     
   119.340004742146        4.67216089176390     
   119.430004745722        4.69524968471602     
   119.520004749298        4.71784996841595     
   119.610004752874        4.73996049993990     
   119.700004756451        4.76158002547159     
   119.790004760027        4.78270728091830     
   119.880004763603        4.80334099255052     
   119.970004767179        4.82347987767459     
   120.060004770756        4.84312264533087     
   120.150004774332        4.86226799701595     
   120.240004777908        4.88091462744278     
   120.330004781485        4.89906122533733     
   120.420004785061        4.91670647425613     
   120.510004788637        4.93384905345463     
   120.600004792213        4.95048763877875     
   120.690004795790        4.96662090361253     
   120.780004799366        4.98224751984739     
   120.870004802942        4.99736615891681     
   120.960004806519        5.01197549285267     
   121.050004810095        5.02607419541034     
   121.140004813671        5.03966094323114     
   121.230004817247        5.05273441704797     
   121.320004820824        5.06529330298115     
   121.410004824400        5.07733629384043     
   121.500004827976        5.08886209052846     
   121.590004831553        5.09986940348110     
   121.680004835129        5.11035695418465     
   121.770004838705        5.12032347675513     
   121.860004842281        5.12976771959074     
   121.950004845858        5.13868844710035     
   122.040004849434        5.14708444149840     
   122.130004853010        5.15495450469203     
   122.220004856586        5.16229746025440     
   122.310004860163        5.16911215546339     
   122.400004863739        5.17539746346348     
   122.490004867315        5.18115228549723     
   122.580004870892        5.18637555324900     
   122.670004874468        5.19106623128834     
   122.760004878044        5.19522331962464     
   122.850004881620        5.19884585637416     
   122.940004885197        5.20193292053369     
   123.030004888773        5.20448363490136     
   123.120004892349        5.20649716909301     
   123.210004895926        5.20797274272153     
   123.300004899502        5.20890962869552     
   123.390004903078        5.20930715666727     
   123.480004906654        5.20916471663618     
   123.570004910231        5.20848176269773     
   123.660004913807        5.20725781695757     
   123.750004917383        5.20549247363003     
   123.840004920959        5.20318540328313     
   123.930004924536        5.20033635729284     
   124.020004928112        5.19694517246116     
   124.110004931688        5.19301177586394     
   124.200004935265        5.18853618985895     
   124.290004938841        5.18351853735088     
   124.380004942417        5.17795904723299     
   124.470004945993        5.17185806008760     
   124.560004949570        5.16521603411217     
   124.650004953146        5.15803355126864     
   124.740004956722        5.15031132372146     
   124.830004960299        5.14205020050057     
   124.920004963875        5.13325117445294     
   125.010004967451        5.12391538946614     
   125.100004971027        5.11404414797637     
   125.190004974604        5.10363891876866     
   125.280004978180        5.09270134508422     
   125.370004981756        5.08123325304339     
   125.460004985332        5.06923666037116     
   125.550004988909        5.05671378547914     
   125.640004992485        5.04366705685927     
   125.730004996061        5.03009912283319     
   125.820004999638        5.01601286165984     
   125.910005003214        5.00141139198839     
   126.000005006790        4.98629808368519     
   126.090005010366        4.97067656904977     
   126.180005013943        4.95455075437660     
   126.270005017519        4.93792483193353     
   126.360005021095        4.92080329230753     
   126.450005024672        4.90319093714478     
   126.540005028248        4.88509289229710     
   126.630005031824        4.86651462134553     
   126.720005035400        4.84746193953642     
   126.810005038977        4.82794102808573     
   126.900005042553        4.80795844889791     
   126.990005046129        4.78752115963967     
   127.080005049706        4.76663652922070     
   127.170005053282        4.74531235360584     
   127.260005056858        4.72355687200529     
   127.350005060434        4.70137878338062     
   127.440005064011        4.67878726328443     
   127.530005067587        4.65579198100101     
   127.620005071163        4.63240311690523     
   127.710005074739        4.60863138015803     
   127.800005078316        4.58448802649618     
   127.890005081892        4.55998487627997     
   127.980005085468        4.53513433262272     
   128.070005089045        4.50994939958533     
   128.160005092621        4.48444370042350     
   128.250005096197        4.45863149577189     
   128.340005099773        4.43252770172531     
   128.430005103350        4.40614790774689     
   128.520005106926        4.37950839428745     
   128.610005110502        4.35262615009835     
   128.700005114079        4.32551888904841     
   128.790005117655        4.29820506641943     
   128.880005121231        4.27070389452486     
   128.970005124807        4.24303535755538     
   129.060005128384        4.21522022548412     
   129.150005131960        4.18728006693800     
   129.240005135536        4.15923726084264     
   129.330005139112        4.13111500674071     
   129.420005142689        4.10293733354597     
   129.510005146265        4.07472910660708     
   129.600005149841        4.04651603290039     
   129.690005153418        4.01832466414150     
   129.780005156994        3.99018239759141     
   129.870005160570        3.96211747443569     
   129.960005164146        3.93415897543036     
   130.050005167723        3.90633681369037     
   130.140005171299        3.87868172430502     
   130.230005174875        3.85122525064198     
   130.320005178452        3.82399972711939     
   130.410005182028        3.79703825815036     
   130.500005185604        3.77037469314614     
   130.590005189180        3.74404359731055     
   130.680005192757        3.71808021805625     
   130.770005196333        3.69252044683185     
   130.860005199909        3.66740077626880     
   130.950005203485        3.64275825238057     
   131.040005207062        3.61863042181295     
   131.130005210638        3.59505527393912     
   131.220005214214        3.57207117783149     
   131.310005217791        3.54971681397524     
   131.400005221367        3.52803110079445     
   131.490005224943        3.50705311601992     
   131.580005228519        3.48682201294512     
   131.670005232096        3.46737693175419     
   131.760005235672        3.44875690606495     
   131.850005239248        3.43100076495608     
   131.940005242825        3.41414703072481     
   132.030005246401        3.39823381276886     
   132.120005249977        3.38329869796457     
   132.210005253553        3.36937863799317     
   132.300005257130        3.35650983413156     
   132.390005260706        3.34472762011473     
   132.480005264282        3.33406634362465     
   132.570005267859        3.32455924711235     
   132.660005271435        3.31623834863762     
   132.750005275011        3.30913432351148     
   132.840005278587        3.30327638744011     
   132.930005282164        3.29869218206839     
   133.020005285740        3.29540766365905     
   133.110005289316        3.29344699573747     
   133.200005292892        3.29283244656519     
   133.290005296469        3.29358429215805     
   133.380005300045        3.29572072578358     
   133.470005303621        3.29925777441326     
   133.560005307198        3.30420922318754     
   133.650005310774        3.31058654816472     
   133.740005314350        3.31839885824434     
   133.830005317926        3.32765284656326     
   133.920005321503        3.33835275194085     
   134.010005325079        3.35050033059243     
   134.100005328655        3.36409483847057     
   134.190005332232        3.37913302434002     
   134.280005335808        3.39560913358535     
   134.370005339384        3.41351492291330     
   134.460005342960        3.43283968552557     
   134.550005346537        3.45357028675501     
   134.640005350113        3.47569120978975     
   134.730005353689        3.49918461095032     
   134.820005357265        3.52403038423230     
   134.910005360842        3.55020623432371     
   135.000005364418        3.57768775767835     
   135.090005367994        3.60644853074105     
   135.180005371571        3.63646020480464     
   135.270005375147        3.66769260653817     
   135.360005378723        3.70011384349781     
   135.450005382299        3.73369041380586     
   135.540005385876        3.76838731909461     
   135.630005389452        3.80416818000178     
   135.720005393028        3.84099535336757     
   135.810005396605        3.87883005025821     
   135.900005400181        3.91763245435024     
   135.990005403757        3.95736183957029     
   136.080005407333        3.99797668659295     
   136.170005410910        4.03943479754311     
   136.260005414486        4.08169340816419     
   136.350005418062        4.12470929707811     
   136.440005421638        4.16843889166165     
   136.530005425215        4.21283837002865     
   136.620005428791        4.25786375882605     
   136.710005432367        4.30347102654780     
   136.800005435944        4.34961617212896     
   136.890005439520        4.39625530854603     
   136.980005443096        4.44334474139827     
   137.070005446672        4.49084104224415     
   137.160005450249        4.53870111681592     
   137.250005453825        4.58688226789084     
   137.340005457401        4.63534225300713     
   137.430005460978        4.68403933705704     
   137.520005464554        4.73293233976013     
   137.610005468130        4.78198067825468     
   137.700005471706        4.83114440491414     
   137.790005475283        4.88038424047307     
   137.880005478859        4.92966160271213     
   137.970005482435        4.97893863096058     
   138.060005486012        5.02817820644629     
   138.150005489588        5.07734396882068     
   138.240005493164        5.12640032910556     
   138.330005496740        5.17531247915066     
   138.420005500317        5.22404639794133     
   138.510005503893        5.27256885482562     
   138.600005507469        5.32084741015882     
   138.690005511045        5.36885041318455     
   138.780005514622        5.41654699767993     
   138.870005518198        5.46390707540373     
   138.960005521774        5.51090132757789     
   139.050005525351        5.55750119459899     
   139.140005528927        5.60367886409471     
   139.230005532503        5.64940725758147     
   139.320005536079        5.69466001586028     
   139.410005539656        5.73941148314549     
   139.500005543232        5.78363669033230     
   139.590005546808        5.82731133734515     
   139.680005550385        5.87041177469367     
   139.770005553961        5.91291498446418     
   139.860005557537        5.95479856068774     
   139.950005561113        5.99604068936325     
   140.040005564690        6.03662012809243     
   140.130005568266        6.07651618536124     
   140.220005571842        6.11570869980176     
   140.310005575418        6.15417801914598     
   140.400005578995        6.19190497916326     
   140.490005582571        6.22887088266457     
   140.580005586147        6.26505747837776     
   140.670005589724        6.30044693995529     
   140.760005593300        6.33502184516950     
   140.850005596876        6.36876515508394     
   140.940005600452        6.40166019349706     
   141.030005604029        6.43369062651056     
   141.120005607605        6.46484044234342     
   141.210005611181        6.49509393130576     
   141.300005614758        6.52443566601562     
   141.390005618334        6.55285048190678     
   141.480005621910        6.58032345785680     
   141.570005625486        6.60683989719952     
   141.660005629063        6.63238530883364     
   141.750005632639        6.65694538870117     
   141.840005636215        6.68050600137824     
   141.930005639791        6.70305316205009     
   142.020005643368        6.72457301849896     
   142.110005646944        6.74505183351846     
   142.200005650520        6.76447596738910     
   142.290005654097        6.78283186059455     
   142.380005657673        6.80010601668289     
   142.470005661249        6.81628498535461     
   142.560005664825        6.83135534563276     
   142.650005668402        6.84530368916427     
   142.740005671978        6.85811660368036     
   142.830005675554        6.86978065651855     
   142.920005679131        6.88028237816758     
   143.010005682707        6.88960824602477     
   143.100005686283        6.89774466800567     
   143.190005689859        6.90467796621342     
   143.280005693436        6.91039436070653     
   143.370005697012        6.91487995310086     
   143.460005700588        6.91812071015103     
   143.550005704165        6.92010244729432     
   143.640005707741        6.92081081200874     
   143.730005711317        6.92023126708995     
   143.820005714893        6.91834907381641     
   143.910005718470        6.91514927471079     
   144.000005722046        6.91061667639761     
   144.090005725622        6.90473583193332     
   144.180005729198        6.89749102301205     
   144.270005732775        6.88886624184581     
   144.360005736351        6.87884517256633     
   144.450005739927        6.86741117251033     
   144.540005743504        6.85454725280603     
   144.630005747080        6.84023605868695     
   144.720005750656        6.82445984930001     
   144.810005754232        6.80720047688389     
   144.900005757809        6.78843936556336     
   144.990005761385        6.76815748937226     
   145.080005764961        6.74633534964093     
   145.170005768538        6.72295295180277     
   145.260005772114        6.69798978136970     
   145.350005775690        6.67142477909730     
   145.440005779266        6.64323631539861     
   145.530005782843        6.61340216372778     
   145.620005786419        6.58189947317815     
   145.710005789995        6.54870473997716     
   145.800005793571        6.51379377789641     
   145.890005797148        6.47714168759382     
   145.980005800724        6.43872282483540     
   146.070005804300        6.39851076732393     
   146.160005807877        6.35647828030877     
   146.250005811453        6.31259728077614     
   146.340005815029        6.26683880030930     
   146.430005818605        6.21917294620037     
   146.520005822182        6.16956886124677     
   146.610005825758        6.11799468167976     
   146.700005829334        6.06441749350915     
   146.790005832911        6.00880328694309     
   146.880005836487        5.95111690909735     
   146.970005840063        5.89132201462358     
   147.060005843639        5.82938101445740     
   147.150005847216        5.76525502250694     
   147.240005850792        5.69890380019500     
   147.330005854368        5.63028569897778     
   147.420005857944        5.55935760060551     
   147.510005861521        5.48607485527651     
   147.600005865097        5.41039121777036     
   147.690005868673        5.33225878121412     
   147.780005872250        5.25162790917013     
   147.870005875826        5.16844716547390     
   147.960005879402        5.08266324260737     
   148.050005882978        4.99422088838894     
   148.140005886555        4.90306283151790     
   148.230005890131        4.80912970619246     
   148.320005893707        4.71235997653234     
   148.410005897284        4.61268986108499     
   148.500005900860        4.51005325871091     
   148.590005904436        4.40438167604445     
   148.680005908012        4.29560415871580     
   148.770005911589        4.18364722696683     
   148.860005915165        4.06843481799827     
   148.950005918741        3.94988823711080     
   149.040005922318        3.82792612036126     
   149.130005925894        3.70246441227051     
   149.220005929470        3.57341636223796     
   149.310005933046        3.44069254515158     
   149.400005936623        3.30420091176938     
   149.490005940199        3.16384687630065     
   149.580005943775        3.01953345010553     
   149.670005947351        2.87116143215459     
   149.760005950928        2.71862966930205     
   149.850005954504        2.56183540202230     
   149.940005958080        2.40067471479745     
   150.030005961657        2.23504311430229     
   150.120005965233        2.06483626316207     
   150.210005968809        1.88995090328218     
   150.300005972385        1.71028600953172     
   150.390005975962        1.52574422314000     
   150.480005979538        1.33623362430553     
   150.570005983114        1.14166991534846     
   150.660005986691       0.941979100481259     
   150.750005990267       0.737100764374952     
   150.840005993843       0.526992071615219     
   150.930005997419       0.311632631124540     
   151.020006000996       9.103039454469089E-002
   151.110006004572      -0.134771215812194     
   151.200006008148      -0.365684724892020     
   151.290006011724      -0.601568318876364     
   151.380006015301      -0.842213581432195     
   151.470006018877       -1.08733096797966     
   151.560006022453       -1.33653274105150     
   151.650006026030       -1.58931312829383     
   151.740006029606       -1.84502555668472     
   151.830006033182       -2.10285697989378     
   151.920006036758       -2.36179958942263     
   152.010006040335       -2.62062061611458     
   152.100006043911       -2.87783153084895     
   152.190006047487       -3.13165876885503     
   152.280006051064       -3.38001913967386     
   152.370006054640       -3.62050429925992     
   152.460006058216       -3.85037990161584     
   152.550006061792       -4.06660606395584     
   152.640006065369       -4.26588611928867     
   152.730006068945       -4.44474975585187     
   152.820006072521       -4.59967396457240     
   152.910006076097       -4.72724038826663     
   153.000006079674       -4.82432088322588     
   153.090006083250       -4.88827542796681     
   153.180006086826       -4.91713987787540     
   153.270006090403       -4.90977789520278     
   153.360006093979       -4.86597361364796     
   153.450006097555       -4.78644968528426     
   153.540006101131       -4.67280762594890     
   153.630006104708       -4.52740053261663     
   153.720006108284       -4.35315857448745     
   153.810006111860       -4.15339265125603     
   153.900006115437       -3.93160074164524     
   153.990006119013       -3.69129612895359     
   154.080006122589       -3.43586920172972     
   154.170006126165       -3.16848714726594     
   154.260006129742       -2.89203006094491     
   154.350006133318       -2.60905834754208     
   154.440006136894       -2.32180465276323     
   154.530006140471       -2.03218342198697     
   154.620006144047       -1.74181195061061     
   154.710006147623       -1.45203797108520     
   154.800006151199       -1.16397007321321     
   154.890006154776      -0.878508383628033     
   154.980006158352      -0.596373849417090     
   155.070006161928      -0.318135166943246     
   155.160006165504      -4.423289650547260E-002
   155.250006169081       0.224999366013779     
   155.340006172657       0.489316676800443     
   155.430006176233       0.748547087559426     
   155.520006179810        1.00257838097036     
   155.610006183386        1.25134691323265     
   155.700006186962        1.49482828458385     
   155.790006190538        1.73302957506373     
   155.880006194115        1.96598290972562     
   155.970006197691        2.19374014397711     
   156.060006201267        2.41636848864194     
   156.150006204844        2.63394691875363     
   156.240006208420        2.84656323497203     
   156.330006211996        3.05431166620069     
   156.420006215572        3.25729092062046     
   156.510006219149        3.45560260681994     
   156.600006222725        3.64934996091970     
   156.690006226301        3.83863682562929     
   156.780006229877        4.02356683659459     
   156.870006233454        4.20424277951447     
   156.960006237030        4.38076608682689     
   157.050006240606        4.55323644975789     
   157.140006244183        4.72175152381675     
   157.230006247759        4.88640671134254     
   157.320006251335        5.04729500663148     
   157.410006254911        5.20450689181216     
   157.500006258488        5.35813027391176     
   157.590006262064        5.50825045532864     
   157.680006265640        5.65495013081972     
   157.770006269217        5.79830940592307     
   157.860006272793        5.93840583198108     
   157.950006276369        6.07531445473719     
   158.040006279945        6.20910787271634     
   158.130006283522        6.33985630366842     
   158.220006287098        6.46762765648496     
   158.310006290674        6.59248760753803     
   158.400006294250        6.71449967946474     
   158.490006297827        6.83372532189286     
   158.580006301403        6.95022399298007     
   158.670006304979        7.06405324098492     
   158.760006308556        7.17526878562531     
   158.850006312132        7.28392459855508     
   158.940006315708        7.39007298263286     
   159.030006319284        7.49376465003517     
   159.120006322861        7.59504879844656     
   159.210006326437        7.69397318600543     
   159.300006330013        7.79058420392157     
   159.390006333590        7.88492694796952     
   159.480006337166        7.97704528735142     
   159.570006340742        8.06698193244109     
   159.660006344318        8.15477850015063     
   159.750006347895        8.24047557788547     
   159.840006351471        8.32411278558895     
   159.930006355047        8.40572883606951     
   160.020006358624        8.48536159396794     
   160.110006362200        8.56304813276645     
   160.200006365776        8.63882479068041     
   160.290006369352        8.71272722494296     
   160.380006372929        8.78479046487099     
   160.470006376505        8.85504896343314     
   160.560006380081        8.92353664788734     
   160.650006383657        8.99028696911768     
   160.740006387234        9.05533294987430     
   160.830006390810        9.11870723210723     
   160.920006394386        9.18044212320956     
   161.010006397963        9.24056964145992     
   161.100006401539        9.29912156050185     
   161.190006405115        9.35612945298792     
   161.280006408691        9.41162473363686     
   161.370006412268        9.46563870119585     
   161.460006415844        9.51820257998004     
   161.550006419420        9.56934756043529     
   161.640006422997        9.61910483926585     
   161.730006426573        9.66750565858855     
   161.820006430149        9.71458134458281     
   161.910006433725        9.76036334539199     
   162.000006437302        9.80488326812191     
   162.090006440878        9.84817291536477     
   162.180006444454        9.89026432077652     
   162.270006448030        9.93118978375333     
   162.360006451607        9.97098190339672     
   162.450006455183        10.0096736114153     
   162.540006458759        10.0472982040295     
   162.630006462336        10.0838893728138     
   162.720006465912        10.1194812342836     
   162.810006469488        10.1541083582904     
   162.900006473064        10.1878057948883     
   162.990006476641        10.2206090997725     
   163.080006480217        10.2525543579887     
   163.170006483793        10.2836782058861     
   163.260006487370        10.3140178510312     
   163.350006490946        10.3436110901081     
   163.440006494522        10.3724963243769     
   163.530006498098        10.4007125726827     
   163.620006501675        10.4282994818702     
   163.710006505251        10.4552973341552     
   163.800006508827        10.4817470514889     
   163.890006512403        10.5076901965504     
   163.980006515980        10.5331689702895     
   164.070006519556        10.5582262055724     
   164.160006523132        10.5829053569704     
   164.250006526709        10.6072504862242     
   164.340006530285        10.6313062433969     
   164.430006533861        10.6551178432966     
   164.520006537437        10.6787310371094     
   164.610006541014        10.7021920789900     
   164.700006544590        10.7255476873962     
   164.790006548166        10.7488450011673     
   164.880006551743        10.7721315299717     
   164.970006555319        10.7954550993294     
   165.060006558895        10.8188637898064     
   165.150006562471        10.8424058705564     
   165.240006566048        10.8661297272228     
   165.330006569624        10.8900837840746     
   165.420006573200        10.9143164206678     
   165.510006576777        10.9388758830208     
   165.600006580353        10.9638101895682     
   165.690006583929        10.9891670321736     
   165.780006587505        11.0149936724595     
   165.870006591082        11.0413368338469     
   165.960006594658        11.0682425897405     
   166.050006598234        11.0957562483272     
   166.140006601810        11.1239222346351     
   166.230006605387        11.1527839702695     
   166.320006608963        11.1823837518390     
   166.410006612539        11.2127626282730     
   166.500006616116        11.2439602784165     
   166.590006619692        11.2760148891505     
   166.680006623268        11.3089630352127     
   166.770006626844        11.3428395615317     
   166.860006630421        11.3776774687797     
   166.950006633997        11.4135078032931     
   167.040006637573        11.4503595520044     
   167.130006641150        11.4882595434014     
   167.220006644726        11.5272323552860     
   167.310006648302        11.5673002301516     
   167.400006651878        11.6084829988759     
   167.490006655455        11.6507980135370     
   167.580006659031        11.6942600898331     
   167.670006662607        11.7388814597554     
   167.760006666183        11.7846717348722     
   167.850006669760        11.8316378806631     
   167.940006673336        11.8797842020901     
   168.030006676912        11.9291123406416     
   168.120006680489        11.9796212827467     
   168.210006684065        12.0313073796932     
   168.300006687641        12.0841643787284     
   168.390006691217        12.1381834650862     
   168.480006694794        12.1933533146697     
   168.570006698370        12.2496601567764     
   168.660006701946        12.3070878464597     
   168.750006705523        12.3656179457734     
   168.840006709099        12.4252298132799     
   168.930006712675        12.4859007010314     
   169.020006716251        12.5476058582180     
   169.110006719828        12.6103186406759     
   169.200006723404        12.6740106253399     
   169.290006726980        12.7386517287817     
   169.380006730556        12.8042103290434     
   169.470006734133        12.8706533896607     
   169.560006737709        12.9379465853372     
   169.650006741285        13.0060544281481     
   169.740006744862        13.0749403936658     
   169.830006748438        13.1445670461790     
   169.920006752014        13.2148961623213     
   170.010006755590        13.2858888524582     
   170.100006759167        13.3575056792009     
   170.190006762743        13.4297067725718     
   170.280006766319        13.5024519412892     
   170.370006769896        13.5757007797799     
   170.460006773472        13.6494127705727     
   170.550006777048        13.7235473817634     
   170.640006780624        13.7980641593069     
   170.730006784201        13.8729228140052     
   170.820006787777        13.9480833029722     
   170.910006791353        14.0235059056495     
   171.000006794930        14.0991512941487     
   171.090006798506        14.1749805981139     
   171.180006802082        14.2509554640531     
   171.270006805658        14.3270381092623     
   171.360006809235        14.4031913704269     
   171.450006812811        14.4793787471149     
   171.540006816387        14.5555644402556     
   171.630006819963        14.6317133858042     
   171.720006823540        14.7077912838573     
   171.810006827116        14.7837646233591     
   171.900006830692        14.8596007026354     
   171.990006834269        14.9352676460544     
   172.080006837845        15.0107344169256     
   172.170006841421        15.0859708270072     
   172.260006844997        15.1609475427616     
   172.350006848574        15.2356360886140     
   172.440006852150        15.3100088474871     
   172.530006855726        15.3840390587494     
   172.620006859303        15.4577008139047     
   172.710006862879        15.5309690501172     
   172.800006866455        15.6038195418558     
   172.890006870031        15.6762288908168     
   172.980006873608        15.7481745143212     
   173.070006877184        15.8196346323314     
   173.160006880760        15.8905882532729     
   173.250006884336        15.9610151588533     
   173.340006887913        16.0308958879216     
   173.430006891489        16.1002117196059     
   173.520006895065        16.1689446557967     
   173.610006898642        16.2370774031100     
   173.700006902218        16.3045933544255     
   173.790006905794        16.3714765701213     
   173.880006909370        16.4377117590696     
   173.970006912947        16.5032842594769     
   174.060006916523        16.5681800196755     
   174.150006920099        16.6323855788887     
   174.240006923676        16.6958880480578     
   174.330006927252        16.7586750907968     
   174.420006930828        16.8207349044670     
   174.510006934404        16.8820562014938     
   174.600006937981        16.9426281909016     
   174.690006941557        17.0024405601190     
   174.780006945133        17.0614834570999     
   174.870006948709        17.1197474727594     
   174.960006952286        17.1772236237545     
   175.050006955862        17.2339033356318     
   175.140006959438        17.2897784263638     
   175.230006963015        17.3448410902534     
   175.320006966591        17.3990838822553     
   175.410006970167        17.4524997026858     
   175.500006973743        17.5050817823615     
   175.590006977320        17.5568236681293     
   175.680006980896        17.6077192088207     
   175.770006984472        17.6577625416101     
   175.860006988049        17.7069480787871     
   175.950006991625        17.7552704949309     
   176.040006995201        17.8027247144826     
   176.130006998777        17.8493058997283     
   176.220007002354        17.8950094391428     
   176.310007005930        17.9398309361422     
   176.400007009506        17.9837661982043     
   176.490007013083        18.0268112263424     
   176.580007016659        18.0689622049550     
   176.670007020235        18.1102154920203     
   176.760007023811        18.1505676096188     
   176.850007027388        18.1900152348106     
   176.940007030964        18.2285551908107     
   177.030007034540        18.2661844384941     
   177.120007038116        18.3029000681973     
   177.210007041693        18.3386992918183     
   177.300007045269        18.3735794351879     
   177.390007048845        18.4075379307365     
   177.480007052422        18.4405723104033     
   177.570007055998        18.4726801988256     
   177.660007059574        18.5038593067594     
   177.750007063150        18.5341074247384     
   177.840007066727        18.5634224169704     
   177.930007070303        18.5918022154513     
   178.020007073879        18.6192448142873     
   178.110007077456        18.6457482642345     
   178.200007081032        18.6713106674084     
   178.290007084608        18.6959301722106     
   178.380007088184        18.7196049684251     
   178.470007091761        18.7423332824756     
   178.560007095337        18.7641133728654     
   178.650007098913        18.7849435257657     
   178.740007102489        18.8048220507667     
   178.830007106066        18.8237472767567     
   178.920007109642        18.8417175479554     
   179.010007113218        18.8587312200732     
   179.100007116795        18.8747866565946     
   179.190007120371        18.8898822251878     
   179.280007123947        18.9040162942221     
   179.370007127523        18.9171872294074     
   179.460007131100        18.9293933905181     
   179.550007134676        18.9406331282341     
   179.640007138252        18.9509047810656     
   179.730007141829        18.9602066723737     
   179.820007145405        18.9685371074653     
   179.910007148981        18.9758943707808     
   180.000007152557        18.9822767231500     
